2021-07-11 17:59:34.258  INFO [users-ws,,] 19640 --- [restartedMain] com.sxi.PhotoAppApiUsersApplication      : Starting PhotoAppApiUsersApplication using Java 1.8.0_241 on DESKTOP-P59K3LG with PID 19640 (C:\Users\Angelito Castro\Documents\workspace-spring-tool-suite-4-4.10.0.RELEASE\PhotoAppApiUsers\target\classes started by Angelito Castro in C:\Users\Angelito Castro\Documents\workspace-spring-tool-suite-4-4.10.0.RELEASE\PhotoAppApiUsers)
2021-07-11 17:59:34.262  INFO [users-ws,,] 19640 --- [restartedMain] com.sxi.PhotoAppApiUsersApplication      : No active profile set, falling back to default profiles: default
2021-07-11 17:59:34.363  INFO [users-ws,,] 19640 --- [restartedMain] o.s.b.context.config.ConfigDataLoader    : Fetching config from server at : http://localhost:8012
2021-07-11 17:59:34.367  INFO [users-ws,,] 19640 --- [restartedMain] o.s.b.context.config.ConfigDataLoader    : Located environment: name=users-ws, profiles=[default], label=null, version=30029cfd7738eb0548b401170784578bc9caf145, state=null
2021-07-11 17:59:34.369  INFO [users-ws,,] 19640 --- [restartedMain] .e.DevToolsPropertyDefaultsPostProcessor : Devtools property defaults active! Set 'spring.devtools.add-properties' to 'false' to disable
2021-07-11 17:59:34.370  INFO [users-ws,,] 19640 --- [restartedMain] .e.DevToolsPropertyDefaultsPostProcessor : For additional web related logging consider setting the 'logging.level.web' property to 'DEBUG'
2021-07-11 17:59:37.803  INFO [users-ws,,] 19640 --- [restartedMain] .s.d.r.c.RepositoryConfigurationDelegate : Bootstrapping Spring Data JPA repositories in DEFAULT mode.
2021-07-11 17:59:38.185  INFO [users-ws,,] 19640 --- [restartedMain] .s.d.r.c.RepositoryConfigurationDelegate : Finished Spring Data repository scanning in 367 ms. Found 1 JPA repository interfaces.
2021-07-11 17:59:38.823  WARN [users-ws,,] 19640 --- [restartedMain] o.s.boot.actuate.endpoint.EndpointId     : Endpoint ID 'hystrix.stream' contains invalid characters, please migrate to a valid format.
2021-07-11 17:59:39.500  INFO [users-ws,,] 19640 --- [restartedMain] o.s.cloud.context.scope.GenericScope     : BeanFactory id=e403a2a8-80cd-39f3-b448-cb1b6d01a207
2021-07-11 17:59:39.618  INFO [users-ws,,] 19640 --- [restartedMain] faultConfiguringBeanFactoryPostProcessor : No bean named 'errorChannel' has been explicitly defined. Therefore, a default PublishSubscribeChannel will be created.
2021-07-11 17:59:39.640  INFO [users-ws,,] 19640 --- [restartedMain] faultConfiguringBeanFactoryPostProcessor : No bean named 'integrationHeaderChannelRegistry' has been explicitly defined. Therefore, a default DefaultHeaderChannelRegistry will be created.
2021-07-11 17:59:40.357  INFO [users-ws,,] 19640 --- [restartedMain] trationDelegate$BeanPostProcessorChecker : Bean 'org.springframework.cloud.stream.config.BindersHealthIndicatorAutoConfiguration' of type [org.springframework.cloud.stream.config.BindersHealthIndicatorAutoConfiguration] is not eligible for getting processed by all BeanPostProcessors (for example: not eligible for auto-proxying)
2021-07-11 17:59:40.373  INFO [users-ws,,] 19640 --- [restartedMain] trationDelegate$BeanPostProcessorChecker : Bean 'bindersHealthContributor' of type [org.springframework.cloud.stream.config.BindersHealthIndicatorAutoConfiguration$BindersHealthContributor] is not eligible for getting processed by all BeanPostProcessors (for example: not eligible for auto-proxying)
2021-07-11 17:59:40.402  INFO [users-ws,,] 19640 --- [restartedMain] trationDelegate$BeanPostProcessorChecker : Bean 'bindersHealthIndicatorListener' of type [org.springframework.cloud.stream.config.BindersHealthIndicatorAutoConfiguration$BindersHealthIndicatorListener] is not eligible for getting processed by all BeanPostProcessors (for example: not eligible for auto-proxying)
2021-07-11 17:59:40.473  INFO [users-ws,,] 19640 --- [restartedMain] trationDelegate$BeanPostProcessorChecker : Bean 'org.springframework.integration.config.IntegrationManagementConfiguration' of type [org.springframework.integration.config.IntegrationManagementConfiguration] is not eligible for getting processed by all BeanPostProcessors (for example: not eligible for auto-proxying)
2021-07-11 17:59:40.525  INFO [users-ws,,] 19640 --- [restartedMain] trationDelegate$BeanPostProcessorChecker : Bean 'integrationChannelResolver' of type [org.springframework.integration.support.channel.BeanFactoryChannelResolver] is not eligible for getting processed by all BeanPostProcessors (for example: not eligible for auto-proxying)
2021-07-11 17:59:40.532  INFO [users-ws,,] 19640 --- [restartedMain] trationDelegate$BeanPostProcessorChecker : Bean 'integrationDisposableAutoCreatedBeans' of type [org.springframework.integration.config.annotation.Disposables] is not eligible for getting processed by all BeanPostProcessors (for example: not eligible for auto-proxying)
2021-07-11 17:59:42.275  INFO [users-ws,,] 19640 --- [restartedMain] o.s.b.w.embedded.tomcat.TomcatWebServer  : Tomcat initialized with port(s): 0 (http)
2021-07-11 17:59:42.297  INFO [users-ws,,] 19640 --- [restartedMain] o.apache.catalina.core.StandardService   : Starting service [Tomcat]
2021-07-11 17:59:42.298  INFO [users-ws,,] 19640 --- [restartedMain] org.apache.catalina.core.StandardEngine  : Starting Servlet engine: [Apache Tomcat/9.0.48]
2021-07-11 17:59:42.511  INFO [users-ws,,] 19640 --- [restartedMain] o.a.c.c.C.[Tomcat].[localhost].[/]       : Initializing Spring embedded WebApplicationContext
2021-07-11 17:59:42.512  INFO [users-ws,,] 19640 --- [restartedMain] w.s.c.ServletWebServerApplicationContext : Root WebApplicationContext: initialization completed in 8141 ms
2021-07-11 17:59:42.844  WARN [users-ws,,] 19640 --- [restartedMain] c.n.c.sources.URLConfigurationSource     : No URLs will be polled as dynamic configuration sources.
2021-07-11 17:59:42.846  INFO [users-ws,,] 19640 --- [restartedMain] c.n.c.sources.URLConfigurationSource     : To enable URLs as dynamic configuration sources, define System property archaius.configurationSource.additionalUrls or make config.properties available on classpath.
2021-07-11 17:59:42.880  INFO [users-ws,,] 19640 --- [restartedMain] c.netflix.config.DynamicPropertyFactory  : DynamicPropertyFactory is initialized with configuration sources: com.netflix.config.ConcurrentCompositeConfiguration@6d2adff4
2021-07-11 17:59:43.045  INFO [users-ws,,] 19640 --- [restartedMain] com.zaxxer.hikari.HikariDataSource       : HikariPool-1 - Starting...
2021-07-11 17:59:43.557  INFO [users-ws,,] 19640 --- [restartedMain] com.zaxxer.hikari.HikariDataSource       : HikariPool-1 - Start completed.
2021-07-11 17:59:43.573  INFO [users-ws,,] 19640 --- [restartedMain] o.s.b.a.h2.H2ConsoleAutoConfiguration    : H2 console available at '/h2-console'. Database available at 'jdbc:h2:mem:testdb'
2021-07-11 17:59:44.998  WARN [users-ws,,] 19640 --- [restartedMain] o.s.c.s.a.z.ZipkinAutoConfiguration      : Check result of the [RestTemplateSender{http://localhost:9411/api/v2/spans}] contains an error [CheckResult{ok=false, error=org.springframework.web.client.ResourceAccessException: I/O error on POST request for "http://localhost:9411/api/v2/spans": connect timed out; nested exception is java.net.SocketTimeoutException: connect timed out}]
2021-07-11 17:59:45.871  INFO [users-ws,,] 19640 --- [restartedMain] o.hibernate.jpa.internal.util.LogHelper  : HHH000204: Processing PersistenceUnitInfo [name: default]
2021-07-11 17:59:46.010  INFO [users-ws,,] 19640 --- [restartedMain] org.hibernate.Version                    : HHH000412: Hibernate ORM core version 5.4.32.Final
2021-07-11 17:59:46.608  INFO [users-ws,,] 19640 --- [restartedMain] o.hibernate.annotations.common.Version   : HCANN000001: Hibernate Commons Annotations {5.1.2.Final}
2021-07-11 17:59:46.934  INFO [users-ws,,] 19640 --- [restartedMain] org.hibernate.dialect.Dialect            : HHH000400: Using dialect: org.hibernate.dialect.H2Dialect
2021-07-11 17:59:48.280  INFO [users-ws,,] 19640 --- [restartedMain] o.h.e.t.j.p.i.JtaPlatformInitiator       : HHH000490: Using JtaPlatform implementation: [org.hibernate.engine.transaction.jta.platform.internal.NoJtaPlatform]
2021-07-11 17:59:48.300  INFO [users-ws,,] 19640 --- [restartedMain] j.LocalContainerEntityManagerFactoryBean : Initialized JPA EntityManagerFactory for persistence unit 'default'
2021-07-11 17:59:49.523  WARN [users-ws,,] 19640 --- [restartedMain] JpaBaseConfiguration$JpaWebConfiguration : spring.jpa.open-in-view is enabled by default. Therefore, database queries may be performed during view rendering. Explicitly configure spring.jpa.open-in-view to disable this warning
2021-07-11 17:59:49.978  INFO [users-ws,,] 19640 --- [restartedMain] o.s.b.d.a.OptionalLiveReloadServer       : LiveReload server is running on port 35729
2021-07-11 17:59:50.090  WARN [users-ws,,] 19640 --- [restartedMain] o.s.c.openfeign.FeignClientFactoryBean   : The provided URL is empty. Will try picking an instance via load-balancing.
2021-07-11 17:59:50.942  INFO [users-ws,,] 19640 --- [restartedMain] o.s.s.web.DefaultSecurityFilterChain     : Will secure any request with [org.springframework.security.web.context.request.async.WebAsyncManagerIntegrationFilter@42226429, org.springframework.security.web.context.SecurityContextPersistenceFilter@5e1389b8, org.springframework.security.web.header.HeaderWriterFilter@176345df, org.springframework.security.web.authentication.logout.LogoutFilter@2da13ef, com.sxi.security.AuthenticationFilter@8e41edd, org.springframework.security.web.savedrequest.RequestCacheAwareFilter@5328e4d3, org.springframework.security.web.servletapi.SecurityContextHolderAwareRequestFilter@317cfdb0, org.springframework.security.web.authentication.AnonymousAuthenticationFilter@4de78a08, org.springframework.security.web.session.SessionManagementFilter@600727f7, org.springframework.security.web.access.ExceptionTranslationFilter@2cf5b24a, org.springframework.security.web.access.intercept.FilterSecurityInterceptor@24d58745]
2021-07-11 17:59:51.080  WARN [users-ws,,] 19640 --- [restartedMain] c.n.c.sources.URLConfigurationSource     : No URLs will be polled as dynamic configuration sources.
2021-07-11 17:59:51.080  INFO [users-ws,,] 19640 --- [restartedMain] c.n.c.sources.URLConfigurationSource     : To enable URLs as dynamic configuration sources, define System property archaius.configurationSource.additionalUrls or make config.properties available on classpath.
2021-07-11 17:59:54.499  INFO [users-ws,,] 19640 --- [restartedMain] o.s.c.s.m.DirectWithAttributesChannel    : Channel 'users-ws.springCloudBusInput' has 1 subscriber(s).
2021-07-11 17:59:55.410  INFO [users-ws,,] 19640 --- [restartedMain] DiscoveryClientOptionalArgsConfiguration : Eureka HTTP Client uses RestTemplate.
2021-07-11 17:59:58.275  WARN [users-ws,,] 19640 --- [restartedMain] iguration$LoadBalancerCaffeineWarnLogger : Spring Cloud LoadBalancer is currently working with the default cache. You can switch to using Caffeine cache, by adding it and org.springframework.cache.caffeine.CaffeineCacheManager to the classpath.
2021-07-11 17:59:58.530  INFO [users-ws,,] 19640 --- [restartedMain] o.s.b.a.e.web.EndpointLinksResolver      : Exposing 1 endpoint(s) beneath base path '/actuator'
2021-07-11 17:59:58.822  INFO [users-ws,,] 19640 --- [restartedMain] o.s.i.endpoint.EventDrivenConsumer       : Adding {logging-channel-adapter:_org.springframework.integration.errorLogger} as a subscriber to the 'errorChannel' channel
2021-07-11 17:59:58.823  INFO [users-ws,,] 19640 --- [restartedMain] o.s.i.channel.PublishSubscribeChannel    : Channel 'users-ws.errorChannel' has 1 subscriber(s).
2021-07-11 17:59:58.824  INFO [users-ws,,] 19640 --- [restartedMain] o.s.i.endpoint.EventDrivenConsumer       : started bean '_org.springframework.integration.errorLogger'
2021-07-11 17:59:58.847  INFO [users-ws,,] 19640 --- [restartedMain] o.s.c.s.binder.DefaultBinderFactory      : Creating binder: rabbit
2021-07-11 17:59:59.175  INFO [users-ws,,] 19640 --- [restartedMain] o.s.c.s.binder.DefaultBinderFactory      : Caching the binder: rabbit
2021-07-11 17:59:59.176  INFO [users-ws,,] 19640 --- [restartedMain] o.s.c.s.binder.DefaultBinderFactory      : Retrieving cached binder: rabbit
2021-07-11 17:59:59.679  INFO [users-ws,,] 19640 --- [restartedMain] c.s.b.r.p.RabbitExchangeQueueProvisioner : declaring queue for inbound: springCloudBus.anonymous.0p-vt4WyRa-s1GVSbgakjg, bound to: springCloudBus
2021-07-11 17:59:59.693  INFO [users-ws,,] 19640 --- [restartedMain] o.s.a.r.c.CachingConnectionFactory       : Attempting to connect to: [localhost:5672]
2021-07-11 17:59:59.903  INFO [users-ws,,] 19640 --- [restartedMain] o.s.a.r.c.CachingConnectionFactory       : Created new connection: rabbitConnectionFactory#37ff563d:0/SimpleConnection@4b2347ed [delegate=amqp://guest@127.0.0.1:5672/, localPort= 59927]
2021-07-11 18:00:00.173  INFO [users-ws,,] 19640 --- [restartedMain] o.s.c.stream.binder.BinderErrorChannel   : Channel 'springCloudBus.anonymous.0p-vt4WyRa-s1GVSbgakjg.errors' has 1 subscriber(s).
2021-07-11 18:00:00.181  INFO [users-ws,,] 19640 --- [restartedMain] o.s.c.stream.binder.BinderErrorChannel   : Channel 'springCloudBus.anonymous.0p-vt4WyRa-s1GVSbgakjg.errors' has 2 subscriber(s).
2021-07-11 18:00:00.336  INFO [users-ws,,] 19640 --- [restartedMain] o.s.i.a.i.AmqpInboundChannelAdapter      : started bean 'inbound.springCloudBus.anonymous.0p-vt4WyRa-s1GVSbgakjg'
2021-07-11 18:00:00.421  INFO [users-ws,,] 19640 --- [restartedMain] o.s.b.w.embedded.tomcat.TomcatWebServer  : Tomcat started on port(s): 59928 (http) with context path ''
2021-07-11 18:00:00.427  INFO [users-ws,,] 19640 --- [restartedMain] .s.c.n.e.s.EurekaAutoServiceRegistration : Updating port to 59928
2021-07-11 18:00:00.446  INFO [users-ws,,] 19640 --- [restartedMain] o.s.c.n.eureka.InstanceInfoFactory       : Setting initial instance status as: STARTING
2021-07-11 18:00:00.690  INFO [users-ws,,] 19640 --- [restartedMain] com.netflix.discovery.DiscoveryClient    : Initializing Eureka in region us-east-1
2021-07-11 18:00:00.712  INFO [users-ws,,] 19640 --- [restartedMain] c.n.d.s.r.aws.ConfigClusterResolver      : Resolving eureka endpoints via configuration
2021-07-11 18:00:00.835  INFO [users-ws,,] 19640 --- [restartedMain] com.netflix.discovery.DiscoveryClient    : Disable delta property : false
2021-07-11 18:00:00.845  INFO [users-ws,,] 19640 --- [restartedMain] com.netflix.discovery.DiscoveryClient    : Single vip registry refresh property : null
2021-07-11 18:00:00.845  INFO [users-ws,,] 19640 --- [restartedMain] com.netflix.discovery.DiscoveryClient    : Force full registry fetch : false
2021-07-11 18:00:00.845  INFO [users-ws,,] 19640 --- [restartedMain] com.netflix.discovery.DiscoveryClient    : Application is null : false
2021-07-11 18:00:00.845  INFO [users-ws,,] 19640 --- [restartedMain] com.netflix.discovery.DiscoveryClient    : Registered Applications size is zero : true
2021-07-11 18:00:00.847  INFO [users-ws,,] 19640 --- [restartedMain] com.netflix.discovery.DiscoveryClient    : Application version is -1: true
2021-07-11 18:00:00.847  INFO [users-ws,,] 19640 --- [restartedMain] com.netflix.discovery.DiscoveryClient    : Getting all instance registry info from the eureka server
2021-07-11 18:00:01.473  INFO [users-ws,,] 19640 --- [restartedMain] com.netflix.discovery.DiscoveryClient    : The response status is 200
2021-07-11 18:00:01.480  INFO [users-ws,,] 19640 --- [restartedMain] com.netflix.discovery.DiscoveryClient    : Starting heartbeat executor: renew interval is: 30
2021-07-11 18:00:01.489  INFO [users-ws,,] 19640 --- [restartedMain] c.n.discovery.InstanceInfoReplicator     : InstanceInfoReplicator onDemand update allowed rate per min is 4
2021-07-11 18:00:01.503  INFO [users-ws,,] 19640 --- [restartedMain] com.netflix.discovery.DiscoveryClient    : Discovery Client initialized at timestamp 1625997601500 with initial instances count: 3
2021-07-11 18:00:01.527  INFO [users-ws,,] 19640 --- [restartedMain] o.s.c.n.e.s.EurekaServiceRegistry        : Registering application USERS-WS with eureka with status UP
2021-07-11 18:00:01.529  INFO [users-ws,,] 19640 --- [restartedMain] com.netflix.discovery.DiscoveryClient    : Saw local status change event StatusChangeEvent [timestamp=1625997601529, current=UP, previous=STARTING]
2021-07-11 18:00:01.581  INFO [users-ws,,] 19640 --- [DiscoveryClient-InstanceInfoReplicator-0] com.netflix.discovery.DiscoveryClient    : DiscoveryClient_USERS-WS/users-ws:a7309ba07ddf805b44c1a72f85a307d7: registering service...
2021-07-11 18:00:01.787  INFO [users-ws,,] 19640 --- [DiscoveryClient-InstanceInfoReplicator-0] com.netflix.discovery.DiscoveryClient    : DiscoveryClient_USERS-WS/users-ws:a7309ba07ddf805b44c1a72f85a307d7 - registration status: 204
2021-07-11 18:00:02.792  INFO [users-ws,,] 19640 --- [restartedMain] com.sxi.PhotoAppApiUsersApplication      : Started PhotoAppApiUsersApplication in 31.812 seconds (JVM running for 34.016)
2021-07-11 18:05:00.853  INFO [users-ws,,] 19640 --- [AsyncResolver-bootstrap-executor-0] c.n.d.s.r.aws.ConfigClusterResolver      : Resolving eureka endpoints via configuration
2021-07-11 18:10:00.859  INFO [users-ws,,] 19640 --- [AsyncResolver-bootstrap-executor-0] c.n.d.s.r.aws.ConfigClusterResolver      : Resolving eureka endpoints via configuration
2021-07-11 18:15:00.863  INFO [users-ws,,] 19640 --- [AsyncResolver-bootstrap-executor-0] c.n.d.s.r.aws.ConfigClusterResolver      : Resolving eureka endpoints via configuration
